TN:
SF:C:\Users\DELL\Videos\Desktop\project\checkwriter\src\polyfills.ts
FNF:0
FNH:0
LF:0
LH:0
BRF:0
BRH:0
end_of_record
TN:
SF:C:\Users\DELL\Videos\Desktop\project\checkwriter\src\test.ts
FNF:0
FNH:0
DA:13,1
DA:18,1
DA:20,1
LF:3
LH:3
BRF:0
BRH:0
end_of_record
TN:
SF:C:\Users\DELL\Videos\Desktop\project\checkwriter\src\app\app.component.ts
FN:3,(anonymous_0)
FNF:1
FNH:1
FNDA:2,(anonymous_0)
DA:8,1
DA:9,2
LF:2
LH:2
BRF:0
BRH:0
end_of_record
TN:
SF:C:\Users\DELL\Videos\Desktop\project\checkwriter\src\app\cwriter\cwriter.component.ts
FN:3,(anonymous_0)
FN:17,(anonymous_1)
FN:29,(anonymous_2)
FNF:3
FNH:3
FNDA:10,(anonymous_0)
FNDA:54,(anonymous_1)
FNDA:9,(anonymous_2)
DA:8,1
DA:15,10
DA:16,10
DA:18,54
DA:19,39
DA:21,15
DA:22,2
DA:25,13
DA:31,9
DA:32,9
DA:34,9
DA:35,9
DA:36,9
DA:38,9
DA:40,9
DA:41,6
DA:43,9
DA:44,9
DA:45,9
DA:46,9
DA:47,9
DA:49,9
DA:50,4
DA:51,4
DA:52,8
DA:56,4
DA:57,4
DA:60,9
DA:62,5
DA:64,9
DA:65,9
LF:31
LH:31
BRDA:18,0,0,39
BRDA:18,0,1,15
BRDA:21,1,0,2
BRDA:21,1,1,13
BRDA:40,2,0,6
BRDA:40,2,1,3
BRDA:40,3,0,9
BRDA:40,3,1,6
BRDA:49,4,0,4
BRDA:49,4,1,5
BRDA:60,5,0,5
BRDA:60,5,1,4
BRF:12
BRH:12
end_of_record
